<?xml version="1.0" encoding="UTF-8"?>
<testng-results ignored="0" total="1" passed="1" failed="0" skipped="0">
  <reporter-output>
  </reporter-output>
  <suite started-at="2022-12-19T15:49:14 IST" name="Default suite" finished-at="2022-12-19T15:49:27 IST" duration-ms="13242">
    <groups>
    </groups>
    <test started-at="2022-12-19T15:49:14 IST" name="Default test" finished-at="2022-12-19T15:49:27 IST" duration-ms="13242">
      <class name="com.actitime.testscript.TestMethodCls">
        <test-method signature="validLogin()[pri:0, instance:com.actitime.testscript.TestMethodCls@2e4b8173]" started-at="2022-12-19T15:49:14 IST" name="validLogin" finished-at="2022-12-19T15:49:27 IST" duration-ms="13150" status="PASS">
          <reporter-output>
          </reporter-output>
        </test-method> <!-- validLogin -->
      </class> <!-- com.actitime.testscript.TestMethodCls -->
    </test> <!-- Default test -->
  </suite> <!-- Default suite -->
</testng-results>
